<?xml version="1.0" encoding="UTF-8"?>
<testng-results ignored="0" total="5" passed="5" failed="0" skipped="0">
  <reporter-output>
  </reporter-output>
  <suite started-at="2022-11-09T10:54:48 CET" name="Suite" finished-at="2022-11-09T10:55:18 CET" duration-ms="29609">
    <groups>
      <group name="cucumber">
        <method signature="AbstractTestNGCucumberTests.runScenario(io.cucumber.testng.PickleWrapper,io.cucumber.testng.FeatureWrapper)[pri:0, instance:runners.MainRunner@4229bb3f]" name="runScenario" class="io.cucumber.testng.AbstractTestNGCucumberTests"/>
      </group> <!-- cucumber -->
    </groups>
    <test started-at="2022-11-09T10:54:48 CET" name="Test" finished-at="2022-11-09T10:55:18 CET" duration-ms="29609">
      <class name="runners.MainRunner">
        <test-method is-config="true" signature="setUpClass(org.testng.ITestContext)[pri:0, instance:runners.MainRunner@4229bb3f]" started-at="2022-11-09T10:54:48 CET" name="setUpClass" finished-at="2022-11-09T10:54:48 CET" duration-ms="345" status="PASS">
          <params>
            <param index="0">
              <value>
                <![CDATA[org.testng.TestRunner@742ff096]]>
              </value>
            </param>
          </params>
          <reporter-output>
          </reporter-output>
        </test-method> <!-- setUpClass -->
        <test-method signature="runScenario(io.cucumber.testng.PickleWrapper,io.cucumber.testng.FeatureWrapper)[pri:0, instance:runners.MainRunner@4229bb3f]" started-at="2022-11-09T10:54:48 CET" name="runScenario" description="Runs Cucumber Scenarios" data-provider="scenarios" finished-at="2022-11-09T10:55:17 CET" duration-ms="29013" status="PASS">
          <params>
            <param index="0">
              <value>
                <![CDATA["Validate Successful Login"]]>
              </value>
            </param>
            <param index="1">
              <value>
                <![CDATA["Optional[WebDriver University - Login Page]"]]>
              </value>
            </param>
          </params>
          <reporter-output>
          </reporter-output>
        </test-method> <!-- runScenario -->
        <test-method signature="runScenario(io.cucumber.testng.PickleWrapper,io.cucumber.testng.FeatureWrapper)[pri:0, instance:runners.MainRunner@4229bb3f]" started-at="2022-11-09T10:54:48 CET" name="runScenario" description="Runs Cucumber Scenarios" data-provider="scenarios" finished-at="2022-11-09T10:55:17 CET" duration-ms="28981" status="PASS">
          <params>
            <param index="0">
              <value>
                <![CDATA["Validate Successful & UnSuccessful Login"]]>
              </value>
            </param>
            <param index="1">
              <value>
                <![CDATA["Optional[WebDriver University - Login Page]"]]>
              </value>
            </param>
          </params>
          <reporter-output>
          </reporter-output>
        </test-method> <!-- runScenario -->
        <test-method signature="runScenario(io.cucumber.testng.PickleWrapper,io.cucumber.testng.FeatureWrapper)[pri:0, instance:runners.MainRunner@4229bb3f]" started-at="2022-11-09T10:54:48 CET" name="runScenario" description="Runs Cucumber Scenarios" data-provider="scenarios" finished-at="2022-11-09T10:55:18 CET" duration-ms="29119" status="PASS">
          <params>
            <param index="0">
              <value>
                <![CDATA["Validate UnSuccessful Login"]]>
              </value>
            </param>
            <param index="1">
              <value>
                <![CDATA["Optional[WebDriver University - Login Page]"]]>
              </value>
            </param>
          </params>
          <reporter-output>
          </reporter-output>
        </test-method> <!-- runScenario -->
        <test-method signature="runScenario(io.cucumber.testng.PickleWrapper,io.cucumber.testng.FeatureWrapper)[pri:0, instance:runners.MainRunner@4229bb3f]" started-at="2022-11-09T10:54:48 CET" name="runScenario" description="Runs Cucumber Scenarios" data-provider="scenarios" finished-at="2022-11-09T10:55:18 CET" duration-ms="29149" status="PASS">
          <params>
            <param index="0">
              <value>
                <![CDATA["Validate Successful & UnSuccessful Login"]]>
              </value>
            </param>
            <param index="1">
              <value>
                <![CDATA["Optional[WebDriver University - Login Page]"]]>
              </value>
            </param>
          </params>
          <reporter-output>
          </reporter-output>
        </test-method> <!-- runScenario -->
        <test-method signature="runScenario(io.cucumber.testng.PickleWrapper,io.cucumber.testng.FeatureWrapper)[pri:0, instance:runners.MainRunner@4229bb3f]" started-at="2022-11-09T10:54:48 CET" name="runScenario" description="Runs Cucumber Scenarios" data-provider="scenarios" finished-at="2022-11-09T10:55:18 CET" duration-ms="29087" status="PASS">
          <params>
            <param index="0">
              <value>
                <![CDATA["Validate Successful & UnSuccessful Login"]]>
              </value>
            </param>
            <param index="1">
              <value>
                <![CDATA["Optional[WebDriver University - Login Page]"]]>
              </value>
            </param>
          </params>
          <reporter-output>
          </reporter-output>
        </test-method> <!-- runScenario -->
        <test-method is-config="true" signature="tearDownClass()[pri:0, instance:runners.MainRunner@4229bb3f]" started-at="2022-11-09T10:55:18 CET" name="tearDownClass" finished-at="2022-11-09T10:55:18 CET" duration-ms="90" status="PASS">
          <reporter-output>
          </reporter-output>
        </test-method> <!-- tearDownClass -->
      </class> <!-- runners.MainRunner -->
    </test> <!-- Test -->
  </suite> <!-- Suite -->
</testng-results>
