<?xml version="1.0" encoding="UTF-8"?>
<testsuite xmlns:xsi="http://www.w3.org/2001/XMLSchema-instance" xsi:noNamespaceSchemaLocation="https://maven.apache.org/surefire/maven-surefire-plugin/xsd/surefire-test-report-3.0.xsd" version="3.0" name="TestSuite" time="29.938" tests="5" errors="0" skipped="0" failures="0">
  <properties>
[...]
</properties>
  <testcase name="runScenario[&quot;Validate Successful &amp; UnSuccessful Login&quot;, &quot;Optional[WebDriver University - Login Page]&quot;](1)" classname="runners.MainRunner" time="28.986">
    <system-out><![CDATA[
@login @regression @smoke
Scenario Outline: Validate Successful & UnSuccessful Login                                 # features/Login.feature:29

@login @regression @login1
Scenario: Validate Successful Login                             # features/Login.feature:7

@login @regression
Scenario: Validate UnSuccessful Login                             # features/Login.feature:13

@login @regression @smoke
Scenario Outline: Validate Successful & UnSuccessful Login                                    # features/Login.feature:27

@login @regression @smoke
Scenario Outline: Validate Successful & UnSuccessful Login                                 # features/Login.feature:28
  Given I access the webdriver university login page                                          # stepDefinitions.Login_Steps.i_access_the_webdriver_university_login_page()
  Given I access the webdriver university login page            # stepDefinitions.Login_Steps.i_access_the_webdriver_university_login_page()
  Given I access the webdriver university login page              # stepDefinitions.Login_Steps.i_access_the_webdriver_university_login_page()
  Given I access the webdriver university login page                                       # stepDefinitions.Login_Steps.i_access_the_webdriver_university_login_page()
  Given I access the webdriver university login page                                       # stepDefinitions.Login_Steps.i_access_the_webdriver_university_login_page()
  When I enter a username webdriver                             # stepDefinitions.Login_Steps.i_enter_a_username(java.lang.String)
  When I enter a username webdriver                                                           # stepDefinitions.Login_Steps.i_enter_a_username(java.lang.String)
  And I enter a password webdriver123                                                         # stepDefinitions.Login_Steps.i_enter_a_password_webdriver123(java.lang.String)
  And I enter a password webdriver123                           # stepDefinitions.Login_Steps.i_enter_a_password_webdriver123(java.lang.String)
  When I enter a username 'webdriver'                             # stepDefinitions.Login_Steps.i_enter_a_username(java.lang.String)
  When I enter a username webdriver                                                        # stepDefinitions.Login_Steps.i_enter_a_username(java.lang.String)
  When I enter a username x                                                                # stepDefinitions.Login_Steps.i_enter_a_username(java.lang.String)
  And I enter a password webdriver1234                            # stepDefinitions.Login_Steps.i_enter_a_password_webdriver123(java.lang.String)
  And I enter a password webdriver1                                                        # stepDefinitions.Login_Steps.i_enter_a_password_webdriver123(java.lang.String)
  And I enter a password y                                                                 # stepDefinitions.Login_Steps.i_enter_a_password_webdriver123(java.lang.String)
  And I click on the login button                               # stepDefinitions.Login_Steps.i_click_on_the_login_button()
  And I click on the login button                                                             # stepDefinitions.Login_Steps.i_click_on_the_login_button()
  Then I should be presented with the successful longin message # stepDefinitions.Login_Steps.i_should_be_presented_with_the_successful_longin_message()
  Then I should be presented with the following login validation message validation succeeded # stepDefinitions.Login_Steps.i_should_be_presented_with_the_following_login_validation_message(java.lang.String)
  And I click on the login button                                 # stepDefinitions.Login_Steps.i_click_on_the_login_button()
  And I click on the login button                                                          # stepDefinitions.Login_Steps.i_click_on_the_login_button()
  Then I should be presented with the unsuccessful longin message # stepDefinitions.Login_Steps.i_should_be_presented_with_the_unsuccessful_longin_message()
  And I click on the login button                                                          # stepDefinitions.Login_Steps.i_click_on_the_login_button()
  Then I should be presented with the following login validation message validation failed # stepDefinitions.Login_Steps.i_should_be_presented_with_the_following_login_validation_message(java.lang.String)
  Then I should be presented with the following login validation message validation failed # stepDefinitions.Login_Steps.i_should_be_presented_with_the_following_login_validation_message(java.lang.String)
]]></system-out>
    <system-err><![CDATA[SLF4J: Failed to load class "org.slf4j.impl.StaticLoggerBinder".
SLF4J: Defaulting to no-operation (NOP) logger implementation
SLF4J: See http://www.slf4j.org/codes.html#StaticLoggerBinder for further details.
111616166667669776789997688867777869669888489957485	86g	e9g8c4k4e95o5c49d8k5		ro8ggidee	cvcrgkkieeoovdcredrrrik	vi	IeovINreNdF	rFOrI	O	NiLI	FNiLvFOsieO	tsr	Leti	LnesiInitsiNetnnFneggiOn n 	igoonL ngno   in11o 2sn127 t.7210e.7n..i000n...21g007:. .5.1o10:3n160 .:3909
155.551
2:47597.5070
2.
0.1:50630
1111166666676697789977887796668889897799979997		9mm	oozmzrro6uznruunnn68n9en7r6e:9re7:99r	r8:mu7::6on8rzn:9uer7rnru9nu	e9nrIn		nNnmIeFeoNrFzr:Or		:uInRrNnueOFur	n:OnR:nn	ureRnuiunnrninn	gennI rgiNc	 nIFocOoN	mFgROm	 mRmacauunnndonnd:inm: nmi g""na CCcng:o:\m d\m:c\a\nP oPdm"rr:omC og"a:grCrn\a:ad\m\ mP:\F P rirFo"loeigCgslr\:rea\a\Mso\\mz\ PiMFlroloai zgFliiremarlm selFf\ao i\x MlF\oFieizr\ileseflf\so\\lix\M\arMo\ eozfFzfiiiliorllxrelafa.e o efFxxoi.erxeFex\"ifero \"xef"\ f\i-o"fx-r-i\-er\mmffeaaoifrxrroiei.xon.eoeenxxteeet"t"e t """e -"-"-- --rmm"eaam-rro-iitoroenen-emdetoeftttboeuetx"ge-. gd"e"i exn-"beg--u"-r-g peg"m-rio-etnmmgeoa--trpdeioeo-brndtueegtb"tgu egi""gn 6gi"-3-n9p-go9r-orp6et"o "" mr-r"o-t5ttr""6e e 3-"m"2d5oe62t3b24ue"67-g 8a"0gl"0il "- -"or"ne-w-gm---orhpetoomer-so-tttrase"el"m- l oa"o"tl5wll1e-oo4-hca4law4lo-l"osh wto"-shs-"ht "-o" r"o-nso-trse"mo t"el"o c"a-lhost" "-no-remoprseofilet" e"m"oCt :e"\--a\plUrsloetofrlocalhwso-s"ht o"s sit"s\l-"\en B"o"O- lGr"UoCeSm:Ac"o\~atl\1leoU\hc"so a\es"Art-ps"plp\r Dh\o"aBfo-tOsniaGtol\U"-e\S rL"A"eo ~-mc1"onat\oC\-el:Ar"ep\ \mp\\"oDUT-taspeetemra"rpo\ \sf\"\\Li-r\oplcuBreaOs"loGt f\_"i\mCTloe:e"z\m p"\p\CU\r:rs\u\oesUrtfss_\emoi\rzlBspOe\rG\oUBfSOhiAGlrU~e2S10A6\w~U\19Al\Up\MpgA"Dp
a"pt
Daa\t\aL\oc\aLlo\c\aTle\\mTpe\m\pr\us\tr_usmtoz_UpmSroAzo~fp1r\io\lfAeipMlp6eDHua8wtNaUV\h2\"EL
"o
cal\\Temp\\rust_mozprofileiPwwgz"
16166769787961897606619750291	5M8a7r26i	9oMn0ae1rt5it2oe	n	MeIatrtNieFo	OnI	eNMtFatOre	i	MoIanNreitotnee teFtnea belOnea	dMbal
reidon
ette enabled
111666666777998987876769699000111555666		M	aMMraaririoinoetntoeent	etIteNt	FeIO	N	IFLNOiF	OsL	tiLesintsietnngei onnngi n pgoo nro tnp  o6pr3ot1 r36t03 16
33112
9
1667987690212	Marionette	INFO	Marionette enab1led6
67987690212	Marionette	INFO	Marionette enabled
1166667799887766990201216	M6a	rMiaorniettoen	IeNtFtOe		INFLOi	stLeinsitnegn oinn gp oornt  p6o3r1t3 363
132
RRReeeRaaadded  ap dpop orotrrp:tot::r t  :663 631361R233e13a
31d319 
0p

ort: 63132
WebDriver BiDi listening on ws://127.0.0.1:56323
WWeebbDDrriivveerr  BBiiDDii  lliisstteenniinng on ws:g/ /o1n2 w7s.:0./0/.112:75.2026.80.
1:64700
1667987690360	RemoteAgent	WARN	TLS certificate errors will be ignored for this session
WebDriver BiDi listening on ws://127.0.0.1:63996
WebDriver BiDi listening on ws://127.0.0.1:51444
1667987690392	RemoteAgent	WARN	TLS certificate errors wil1l 6b6e7 9i8g7n6o9r0e3d9 2f	oRre mtohtiesA gseensts	ioWnAR
N	TLS certificate errors will be ignored for this session
1667987690425	RemoteAgent	WARN	TLS certificate errors will be ignored for this session
1667987690445	RemoteAgent	WARN	TLS certificate errors will be ignored for this session
console.warn: SearchSettings: "get: No settings file exists, new profile?" (new NotFoundError("Could not open the file at C:\\Users\\BOGUSA~1\\AppData\\Local\\Temp\\rust_mozprofileM6H8Uh\\search.json.mozlz4", (void 0)))
console.warn: SearchSettings: "get: No settings file exists, new profile?" (new NotFoundError("Could not open the file at C:\\Users\\BOGUSA~1\\AppData\\Local\\Temp\\rust_mozprofileuwNV2E\\search.json.mozlz4", (void 0)))
console.warn: SearchSettings: "get: No settings file exists, new profile?" (new NotFoundError("Could not open the file at C:\\Users\\BOGUSA~1\\AppData\\Local\\Temp\\rust_mozprofilehr2wlg\\search.json.mozlz4", (void 0)))
console.warn: SearchSettings: "get: No settings file exists, new profile?" (new NotFoundError("Could not open the file at C:\\Users\\BOGUSA~1\\AppData\\Local\\Temp\\rust_mozprofile06U9UM\\search.json.mozlz4", (void 0)))
console.warn: SearchSettings: "get: No settings file exists, new profile?" (new NotFoundError("Could not open the file at C:\\Users\\BOGUSA~1\\AppData\\Local\\Temp\\rust_mozprofileiPwwgz\\search.json.mozlz4", (void 0)))
DevTools listening on ws://127.0.0.1:51444/devtools/browser/f3a188c8-a9ea-423b-bd1f-16aa8325ccad
DevTools listening on ws://127.0.0.1:56323/devtools/browser/82654e65-472c-491c-b602-55cf0ab39a9b
DevTools listening on ws://127.0.0.1:D5e2v2To6o8ls/ dleisvttoenoing onls/b rowwss:e/r//51f2a7a.300d.50-.41b:3663-949964/6d-eavet2o7-o0lds1/3br6o2w6s5e8rd/3393
fec68a-e4e6-4def-bd5e-248583e3e3f9
lis 09, 2022 10:55:15 AM org.openqa.selenium.remote.ProtocolHandshake createSession
INFO: Detected dialect: W3C
lis 09, 2022 10:55:15 AM org.openqa.selenium.remote.ProtocolHandshake createSession
INFO: Detected dialect: W3C
lis 09, 2022 10:55:15 AM org.openqa.selenium.remote.ProtocolHandshake createSession
INFO: Detected dialect: W3C
lis 09, 2022 10:55:15 AM org.openqa.selenium.remote.ProtocolHandshake createSession
INFO: Detected dialect: W3C
DevTools listening on ws://127.0.0.1:64700/devtools/browser/f5ecfa5c-cc8f-4e1f-b1b8-4255897db873
lis 09, 2022 10:55:15 AM org.openqa.selenium.remote.ProtocolHandshake createSession
INFO: Detected dialect: W3C
JJJaaJavvavJaavSSaccSrrcaiiSrpipcattrp iv teep rarterr rooerrSr:ro:c rrorr :re r:sire oeurspseosortuourucr reccceee:e::/r://////g/rggrerro/eerm/o:/md omurdogleurdelsuseol/se/UuUrResIcR//FmeIoiU:FdxR/uiuI/xplgFeu.sp/jr.iUsejxmR/su,mImp o,lFd. iilunjxilesun pemes3 ,./073j:U  0sRlNm7iIS,:n_F  EleiNR SixR_3nuO0EpeR7R_ .:RF3 jOA0NIs7RLS:m_U_ ,FERN ARESRIl:L_ iOUSnERReRh_E RoF:3uA O0lIRS7Ld_h U:F oARpNuIlEaSLd:s_U  sERSp REaahR:so  Osun SRolh_ndoa-F u nnupAload nsIl-pLlnsaU s uuRsla rl Eain  :onu
 onrSni--hn
nuouulllldl   upuarrsiis
 
a non-null uri
console.warn: LoginRecipes: "Falling back to a synchronous message for: http://www.webdriveruniversity.com."
console.warn: LoginRecipes: "Falling back to a synchronous message for: http://www.webdriveruniversity.com."
console.warn: LoginRecipes: "Falling back to a synchronous message for: http://www.webdriveruniversity.com."
console.warn: LoginRecipes: "Falling back to a synchronous message for: http://www.webdriveruniversity.com."
console.warn: LoginRecipes: "Falling back to a synchronous message for: http://www.webdriveruniversity.com."
11667696789877771177103	Ma1ri0on3e	tMtaer	IiNoFnOe	tStteo	pIpNeFdO 	lSitosptpeendin lgis otne npionrgt  on6 3por1t2 963
130
1667987717226	Marionette	INFO	Stopped listening on port 63133
JavaScript error: resource://gre/modules/Prompter.jsm, line 1188: NS_ERROR_NOT_AVAILABLE: prompt aborted by user
1667987717267	Marionette	INFO	Stopped listening on port 63131
JavaScript error: resource://gre/modules/Prompter.jsm, line 1188: NS_ERROR_NOT_AVAILABLE: prompt aborted by user
1667987717293	Marionette	INFO	Stopped listening on port 63132
JavaScript error: resource://gre/modules/LoginHelper.jsm, line 1781: TypeError: browser is null
[Parent 7500, IPC I/O Parent] WARNING: file /builds/worker/checkouts/gecko/ipc/chromium/src/base/process_util_win.cc:167
JavaScript error: resource://gre/modules/LoginHelper.jsm, line 1781: TypeError: browser is null
JavaScript error: resource://gre/modules/Prompter.jsm, line 1188: NS_ERROR_NOT_AVAILABLE: prompt aborted by user
JavaScript error: resource://gre/modules/LoginHelper.jsm, line 1781: TypeError: browser is null
JavaScript error: resource://gre/modules/Prompter.jsm, line 1188: NS_ERROR_NOT_AVAILABLE: prompt aborted by user
JavaScript error: resource://gre/modules/Prompter.jsm, line 1188: NS_ERROR_NOT_AVAILABLE: prompt aborted by user
[Parent 9496, IPC I/O Parent] WARNING: file /builds/worker/checkouts/gecko/ipc/chromium/src/base/process_util_win.cc:167
JavaScript error: resource://gre/modules/LoginHelper.jsm, line 1781: TypeError: browser is null
]]></system-err>
  </testcase>
  <testcase name="runScenario[&quot;Validate Successful Login&quot;, &quot;Optional[WebDriver University - Login Page]&quot;](2)" classname="runners.MainRunner" time="29.013"/>
  <testcase name="runScenario[&quot;Validate Successful &amp; UnSuccessful Login&quot;, &quot;Optional[WebDriver University - Login Page]&quot;](3)" classname="runners.MainRunner" time="29.085"/>
  <testcase name="runScenario[&quot;Validate UnSuccessful Login&quot;, &quot;Optional[WebDriver University - Login Page]&quot;](4)" classname="runners.MainRunner" time="29.119"/>
  <testcase name="runScenario[&quot;Validate Successful &amp; UnSuccessful Login&quot;, &quot;Optional[WebDriver University - Login Page]&quot;](5)" classname="runners.MainRunner" time="29.148"/>
</testsuite>